build/app/intermediates/manifest_merge_blame_file/release/processReleaseMainManifest/manifest-merger-blame-release-report.txt
1<?xml version="1.0" encoding="utf-8"?>
2<manifest xmlns:android="http://schemas.android.com/apk/res/android"
3    package="com.example.dholera_admin_flutter"
4    android:versionCode="1"
5    android:versionName="1.0.0" >
6
7    <uses-sdk
8        android:minSdkVersion="24"
9        android:targetSdkVersion="36" />
10
11    <uses-permission android:name="android.permission.INTERNET" />
11-->src/main/AndroidManifest.xml:2:5-66
11-->src/main/AndroidManifest.xml:2:22-64
12    <!--
13         Required to query activities that can process text, see:
14         https://developer.android.com/training/package-visibility and
15         https://developer.android.com/reference/android/content/Intent#ACTION_PROCESS_TEXT.
16
17         In particular, this is used by the Flutter engine in io.flutter.plugin.text.ProcessTextPlugin.
18    -->
19    <queries>
19-->src/main/AndroidManifest.xml:40:5-45:15
20        <intent>
20-->src/main/AndroidManifest.xml:41:9-44:18
21            <action android:name="android.intent.action.PROCESS_TEXT" />
21-->src/main/AndroidManifest.xml:42:13-72
21-->src/main/AndroidManifest.xml:42:21-70
22
23            <data android:mimeType="text/plain" />
23-->src/main/AndroidManifest.xml:43:13-50
23-->src/main/AndroidManifest.xml:43:19-48
24        </intent>
25        <intent>
25-->[:file_picker] AndroidManifest.xml:8:9-12:18
26            <action android:name="android.intent.action.GET_CONTENT" />
26-->[:file_picker] AndroidManifest.xml:9:13-72
26-->[:file_picker] AndroidManifest.xml:9:21-69
27
28            <data android:mimeType="*/*" />
28-->src/main/AndroidManifest.xml:43:13-50
28-->src/main/AndroidManifest.xml:43:19-48
29        </intent>
30    </queries>
31
32    <permission
32-->[androidx.core:core:1.18.0] AndroidManifest.xml:22:5-24:47
33        android:name="com.example.dholera_admin_flutter.DYNAMIC_RECEIVER_NOT_EXPORTED_PERMISSION"
33-->[androidx.core:core:1.18.0] AndroidManifest.xml:23:9-81
34        android:protectionLevel="signature" />
34-->[androidx.core:core:1.18.0] AndroidManifest.xml:24:9-44
35
36    <uses-permission android:name="com.example.dholera_admin_flutter.DYNAMIC_RECEIVER_NOT_EXPORTED_PERMISSION" />
36-->[androidx.core:core:1.18.0] AndroidManifest.xml:26:5-97
36-->[androidx.core:core:1.18.0] AndroidManifest.xml:26:22-94
37
38    <application
39        android:name="android.app.Application"
39-->src/main/AndroidManifest.xml:5:9-42
40        android:appComponentFactory="androidx.core.app.CoreComponentFactory"
40-->[androidx.core:core:1.18.0] AndroidManifest.xml:28:18-86
41        android:extractNativeLibs="false"
42        android:icon="@mipmap/ic_launcher"
42-->src/main/AndroidManifest.xml:6:9-43
43        android:label="dholera_admin_flutter" >
43-->src/main/AndroidManifest.xml:4:9-46
44        <activity
44-->src/main/AndroidManifest.xml:7:9-28:20
45            android:name="com.example.dholera_admin_flutter.MainActivity"
45-->src/main/AndroidManifest.xml:8:13-41
46            android:configChanges="orientation|keyboardHidden|keyboard|screenSize|smallestScreenSize|locale|layoutDirection|fontScale|screenLayout|density|uiMode"
46-->src/main/AndroidManifest.xml:13:13-163
47            android:exported="true"
47-->src/main/AndroidManifest.xml:9:13-36
48            android:hardwareAccelerated="true"
48-->src/main/AndroidManifest.xml:14:13-47
49            android:launchMode="singleTop"
49-->src/main/AndroidManifest.xml:10:13-43
50            android:taskAffinity=""
50-->src/main/AndroidManifest.xml:11:13-36
51            android:theme="@style/LaunchTheme"
51-->src/main/AndroidManifest.xml:12:13-47
52            android:windowSoftInputMode="adjustResize" >
52-->src/main/AndroidManifest.xml:15:13-55
53
54            <!--
55                 Specifies an Android theme to apply to this Activity as soon as
56                 the Android process has started. This theme is visible to the user
57                 while the Flutter UI initializes. After that, this theme continues
58                 to determine the Window background behind the Flutter UI.
59            -->
60            <meta-data
60-->src/main/AndroidManifest.xml:20:13-23:17
61                android:name="io.flutter.embedding.android.NormalTheme"
61-->src/main/AndroidManifest.xml:21:15-70
62                android:resource="@style/NormalTheme" />
62-->src/main/AndroidManifest.xml:22:15-52
63
64            <intent-filter>
64-->src/main/AndroidManifest.xml:24:13-27:29
65                <action android:name="android.intent.action.MAIN" />
65-->src/main/AndroidManifest.xml:25:17-68
65-->src/main/AndroidManifest.xml:25:25-66
66
67                <category android:name="android.intent.category.LAUNCHER" />
67-->src/main/AndroidManifest.xml:26:17-76
67-->src/main/AndroidManifest.xml:26:27-74
68            </intent-filter>
69        </activity>
70        <!--
71             Don't delete the meta-data below.
72             This is used by the Flutter tool to generate GeneratedPluginRegistrant.java
73        -->
74        <meta-data
74-->src/main/AndroidManifest.xml:31:9-33:33
75            android:name="flutterEmbedding"
75-->src/main/AndroidManifest.xml:32:13-44
76            android:value="2" />
76-->src/main/AndroidManifest.xml:33:13-30
77
78        <provider
78-->[:image_picker_android] AndroidManifest.xml:9:9-17:20
79            android:name="io.flutter.plugins.imagepicker.ImagePickerFileProvider"
79-->[:image_picker_android] AndroidManifest.xml:10:13-82
80            android:authorities="com.example.dholera_admin_flutter.flutter.image_provider"
80-->[:image_picker_android] AndroidManifest.xml:11:13-74
81            android:exported="false"
81-->[:image_picker_android] AndroidManifest.xml:12:13-37
82            android:grantUriPermissions="true" >
82-->[:image_picker_android] AndroidManifest.xml:13:13-47
83            <meta-data
83-->[:image_picker_android] AndroidManifest.xml:14:13-16:75
84                android:name="android.support.FILE_PROVIDER_PATHS"
84-->[:image_picker_android] AndroidManifest.xml:15:17-67
85                android:resource="@xml/flutter_image_picker_file_paths" />
85-->[:image_picker_android] AndroidManifest.xml:16:17-72
86        </provider> <!-- Trigger Google Play services to install the backported photo picker module. -->
87        <service
87-->[:image_picker_android] AndroidManifest.xml:19:9-31:19
88            android:name="com.google.android.gms.metadata.ModuleDependencies"
88-->[:image_picker_android] AndroidManifest.xml:20:13-78
89            android:enabled="false"
89-->[:image_picker_android] AndroidManifest.xml:21:13-36
90            android:exported="false" >
90-->[:image_picker_android] AndroidManifest.xml:22:13-37
91            <intent-filter>
91-->[:image_picker_android] AndroidManifest.xml:24:13-26:29
92                <action android:name="com.google.android.gms.metadata.MODULE_DEPENDENCIES" />
92-->[:image_picker_android] AndroidManifest.xml:25:17-94
92-->[:image_picker_android] AndroidManifest.xml:25:25-91
93            </intent-filter>
94
95            <meta-data
95-->[:image_picker_android] AndroidManifest.xml:28:13-30:36
96                android:name="photopicker_activity:0:required"
96-->[:image_picker_android] AndroidManifest.xml:29:17-63
97                android:value="" />
97-->[:image_picker_android] AndroidManifest.xml:30:17-33
98        </service>
99
100        <activity
100-->[:url_launcher_android] AndroidManifest.xml:8:9-11:74
101            android:name="io.flutter.plugins.urllauncher.WebViewActivity"
101-->[:url_launcher_android] AndroidManifest.xml:9:13-74
102            android:exported="false"
102-->[:url_launcher_android] AndroidManifest.xml:10:13-37
103            android:theme="@android:style/Theme.NoTitleBar.Fullscreen" />
103-->[:url_launcher_android] AndroidManifest.xml:11:13-71
104
105        <uses-library
105-->[androidx.window:window:1.2.0] AndroidManifest.xml:23:9-25:40
106            android:name="androidx.window.extensions"
106-->[androidx.window:window:1.2.0] AndroidManifest.xml:24:13-54
107            android:required="false" />
107-->[androidx.window:window:1.2.0] AndroidManifest.xml:25:13-37
108        <uses-library
108-->[androidx.window:window:1.2.0] AndroidManifest.xml:26:9-28:40
109            android:name="androidx.window.sidecar"
109-->[androidx.window:window:1.2.0] AndroidManifest.xml:27:13-51
110            android:required="false" />
110-->[androidx.window:window:1.2.0] AndroidManifest.xml:28:13-37
111
112        <provider
112-->[androidx.lifecycle:lifecycle-process:2.7.0] AndroidManifest.xml:24:9-32:20
113            android:name="androidx.startup.InitializationProvider"
113-->[androidx.lifecycle:lifecycle-process:2.7.0] AndroidManifest.xml:25:13-67
114            android:authorities="com.example.dholera_admin_flutter.androidx-startup"
114-->[androidx.lifecycle:lifecycle-process:2.7.0] AndroidManifest.xml:26:13-68
115            android:exported="false" >
115-->[androidx.lifecycle:lifecycle-process:2.7.0] AndroidManifest.xml:27:13-37
116            <meta-data
116-->[androidx.lifecycle:lifecycle-process:2.7.0] AndroidManifest.xml:29:13-31:52
117                android:name="androidx.lifecycle.ProcessLifecycleInitializer"
117-->[androidx.lifecycle:lifecycle-process:2.7.0] AndroidManifest.xml:30:17-78
118                android:value="androidx.startup" />
118-->[androidx.lifecycle:lifecycle-process:2.7.0] AndroidManifest.xml:31:17-49
119            <meta-data
119-->[androidx.profileinstaller:profileinstaller:1.4.0] AndroidManifest.xml:29:13-31:52
120                android:name="androidx.profileinstaller.ProfileInstallerInitializer"
120-->[androidx.profileinstaller:profileinstaller:1.4.0] AndroidManifest.xml:30:17-85
121                android:value="androidx.startup" />
121-->[androidx.profileinstaller:profileinstaller:1.4.0] AndroidManifest.xml:31:17-49
122        </provider>
123
124        <receiver
124-->[androidx.profileinstaller:profileinstaller:1.4.0] AndroidManifest.xml:34:9-52:20
125            android:name="androidx.profileinstaller.ProfileInstallReceiver"
125-->[androidx.profileinstaller:profileinstaller:1.4.0] AndroidManifest.xml:35:13-76
126            android:directBootAware="false"
126-->[androidx.profileinstaller:profileinstaller:1.4.0] AndroidManifest.xml:36:13-44
127            android:enabled="true"
127-->[androidx.profileinstaller:profileinstaller:1.4.0] AndroidManifest.xml:37:13-35
128            android:exported="true"
128-->[androidx.profileinstaller:profileinstaller:1.4.0] AndroidManifest.xml:38:13-36
129            android:permission="android.permission.DUMP" >
129-->[androidx.profileinstaller:profileinstaller:1.4.0] AndroidManifest.xml:39:13-57
130            <intent-filter>
130-->[androidx.profileinstaller:profileinstaller:1.4.0] AndroidManifest.xml:40:13-42:29
131                <action android:name="androidx.profileinstaller.action.INSTALL_PROFILE" />
131-->[androidx.profileinstaller:profileinstaller:1.4.0] AndroidManifest.xml:41:17-91
131-->[androidx.profileinstaller:profileinstaller:1.4.0] AndroidManifest.xml:41:25-88
132            </intent-filter>
133            <intent-filter>
133-->[androidx.profileinstaller:profileinstaller:1.4.0] AndroidManifest.xml:43:13-45:29
134                <action android:name="androidx.profileinstaller.action.SKIP_FILE" />
134-->[androidx.profileinstaller:profileinstaller:1.4.0] AndroidManifest.xml:44:17-85
134-->[androidx.profileinstaller:profileinstaller:1.4.0] AndroidManifest.xml:44:25-82
135            </intent-filter>
136            <intent-filter>
136-->[androidx.profileinstaller:profileinstaller:1.4.0] AndroidManifest.xml:46:13-48:29
137                <action android:name="androidx.profileinstaller.action.SAVE_PROFILE" />
137-->[androidx.profileinstaller:profileinstaller:1.4.0] AndroidManifest.xml:47:17-88
137-->[androidx.profileinstaller:profileinstaller:1.4.0] AndroidManifest.xml:47:25-85
138            </intent-filter>
139            <intent-filter>
139-->[androidx.profileinstaller:profileinstaller:1.4.0] AndroidManifest.xml:49:13-51:29
140                <action android:name="androidx.profileinstaller.action.BENCHMARK_OPERATION" />
140-->[androidx.profileinstaller:profileinstaller:1.4.0] AndroidManifest.xml:50:17-95
140-->[androidx.profileinstaller:profileinstaller:1.4.0] AndroidManifest.xml:50:25-92
141            </intent-filter>
142        </receiver>
143    </application>
144
145</manifest>